<html>
<head>
<title>TestNG:  Test</title>
<link href="../testng.css" rel="stylesheet" type="text/css" />
<link href="../my-testng.css" rel="stylesheet" type="text/css" />

<style type="text/css">
.log { display: none;} 
.stack-trace { display: none;} 
</style>
<script type="text/javascript">
<!--
function flip(e) {
  current = e.style.display;
  if (current == 'block') {
    e.style.display = 'none';
    return 0;
  }
  else {
    e.style.display = 'block';
    return 1;
  }
}

function toggleBox(szDivId, elem, msg1, msg2)
{
  var res = -1;  if (document.getElementById) {
    res = flip(document.getElementById(szDivId));
  }
  else if (document.all) {
    // this is the way old msie versions work
    res = flip(document.all[szDivId]);
  }
  if(elem) {
    if(res == 0) elem.innerHTML = msg1; else elem.innerHTML = msg2;
  }

}

function toggleAllBoxes() {
  if (document.getElementsByTagName) {
    d = document.getElementsByTagName('div');
    for (i = 0; i < d.length; i++) {
      if (d[i].className == 'log') {
        flip(d[i]);
      }
    }
  }
}

// -->
</script>

</head>
<body>
<h2 align='center'>Test</h2><table border='1' align="center">
<tr>
<td>Tests passed/Failed/Skipped:</td><td>6/4/0</td>
</tr><tr>
<td>Started on:</td><td>Thu Feb 13 14:20:32 IST 2020</td>
</tr>
<tr><td>Total time:</td><td>685 seconds (685468 ms)</td>
</tr><tr>
<td>Included groups:</td><td></td>
</tr><tr>
<td>Excluded groups:</td><td></td>
</tr>
</table><p/>
<small><i>(Hover the method name to see the test class name)</i></small><p/>
<table width='100%' border='1' class='invocation-failed'>
<tr><td colspan='4' align='center'><b>FAILED TESTS</b></td></tr>
<tr><td><b>Test method</b></td>
<td width="30%"><b>Exception</b></td>
<td width="10%"><b>Time (seconds)</b></td>
<td><b>Instance</b></td>
</tr>
<tr>
<td title='org.j2.faxqa.efax.corporate.myaccount.tests.MyAccountTests.ableToReceiveAndViewFaxWhenStorageEnabledONFromMGMT()'><b>ableToReceiveAndViewFaxWhenStorageEnabledONFromMGMT</b><br>Test class: org.j2.faxqa.efax.corporate.myaccount.tests.MyAccountTests<br>Test method: Verify that user should be able to send faxes, receive and view them in 'View faxes' page<br>Parameters: org.testng.TestRunner@53976f5c<br/>
<a href="#Output-2034054159" onClick='toggleBox("Output-2034054159", this, "Show output", "Hide output");'>Show output</a>

<a href="#Output-2034054159" onClick="toggleAllBoxes();">Show all outputs</a>
<div class='log' id="Output-2034054159">
14:29:11.697 [main] INFO : WebBrowser = chrome<br/>
14:29:11.704 [main] INFO : Using chromedriver 80.0.3987.16 (since Google Chrome 80 is installed in your machine)<br/>
14:29:11.706 [main] INFO : Exporting webdriver.chrome.driver as C:\Users\Jagadeesh\.m2\repository\webdriver\chromedriver\win32\80.0.3987.16\chromedriver.exe<br/>
14:29:16.766 [main] INFO : Created ThreadLocal webdriver.<br/>
14:29:20.797 [main] INFO : Setting  implicitlyWait to '10' seconds<br/>
14:29:20.813 [main] INFO : Setting document.body.style.zoom='80%';<br/>
14:29:25.233 [main] INFO : Initializing page - Login<br/>
14:29:34.914 [main] INFO : Initializing page - eFax Corporate: Create New User<br/>
14:29:34.918 [main] INFO : Initializing page - eFax Corporate: Create New User<br/>
14:29:40.002 [main] INFO : Initializing page - eFax Corporate: Create New User<br/>
14:29:40.005 [main] INFO : Initializing page - eFax Corporate: Create New User<br/>
14:29:46.196 [main] INFO : Initializing page - eFax Corporate: Edit User<br/>
14:30:09.881 [main] INFO : Initializing page - eFax Corporate: Log into My Account | Internet Fax Services Login<br/>
14:30:39.244 [main] INFO : Initializing page - My Account - Account Details<br/>
14:30:39.247 [main] INFO : Initializing page - My Account - Account Details<br/>
14:30:47.414 [main] INFO : Initializing page - eFax Corporate: Log into My Account | Internet Fax Services Login<br/>
14:31:04.221 [main] INFO : Initializing page - My Account<br/>
14:31:05.158 [main] INFO : Initializing page - My Account<br/>
14:31:05.266 [main] INFO : Recipient FirstName field set to QARosanne<br/>
14:31:05.336 [main] INFO : Recipient LastName field set to Friesen<br/>
14:31:05.433 [main] INFO : Receipent Company field set to Lynch-Brekke<br/>
14:31:05.572 [main] INFO : Fax Number field set to 15622868219<br/>
14:31:05.639 [main] INFO : Add contact button enabled.<br/>
14:31:05.767 [main] INFO : reference Id field set to REFvnnkc750k<br/>
14:31:06.269 [main] INFO : Fax Quality field set to Standard<br/>
14:31:06.327 [main] INFO : Send Receipt field set to deafult first email.<br/>
14:31:06.343 [main] INFO : Coverage option enabled.<br/>
14:31:06.461 [main] INFO : Subject field set to Test Send Fax - 6147tfre<br/>
14:31:06.541 [main] INFO : Message body field set to Message Body - 6983oxra<br/>
14:31:06.609 [main] INFO : Uploaded attachment - C:\Users\Jagadeesh\eclipse-workspace\end-to-end-web\src\test\resources\sendrast\ANSII - Text - English.txt<br/>
14:31:06.656 [main] INFO : Uploaded attachment - C:\Users\Jagadeesh\eclipse-workspace\end-to-end-web\src\test\resources\sendrast\MBCS - Text - Chinese - Big5.txt<br/>
14:31:06.705 [main] INFO : Uploaded attachment - C:\Users\Jagadeesh\eclipse-workspace\end-to-end-web\src\test\resources\sendrast\MBCS - Text - Chinese - GB2312.txt<br/>
14:31:06.754 [main] INFO : Uploaded attachment - C:\Users\Jagadeesh\eclipse-workspace\end-to-end-web\src\test\resources\sendrast\MBCS - Text - Japanese - Shift-Jis.txt<br/>
14:31:06.802 [main] INFO : Uploaded attachment - C:\Users\Jagadeesh\eclipse-workspace\end-to-end-web\src\test\resources\sendrast\Unicode - Text - Japanese - UTF16.txt<br/>
14:31:06.851 [main] INFO : Uploaded attachment - C:\Users\Jagadeesh\eclipse-workspace\end-to-end-web\src\test\resources\sendrast\Unicode - Text - SimplifiedChinese - UTF8.txt<br/>
14:31:06.913 [main] INFO : Uploaded attachment - C:\Users\Jagadeesh\eclipse-workspace\end-to-end-web\src\test\resources\sendrast\Unicode - Text - TraditionalChinese - UTF16.txt<br/>
14:31:06.984 [main] INFO : Sending fax...<br/>
14:31:08.199 [main] INFO : Initializing page - My Account<br/>
14:31:32.342 [main] INFO : Initializing page - Main MessageCenter™ Page (View Faxes)<br/>
14:31:32.343 [main] INFO : Expected inbound fax Timeout set to 60 seconds.<br/>
14:31:32.343 [main] INFO : SenderID = 15622868219<br/>
14:31:52.011 [main] INFO : Waiting for the fax...<br/>
<br><img src='C:\Users\Jagadeesh\eclipse-workspace\end-to-end-web\target\surefire-reports\Suite\screenshots\maincaptureScreen.png' style="width: 33%; height: 33%"<br/>
</div>
</td>
<td><div><pre>java.lang.AssertionError: null
	at org.j2.faxqa.efax.corporate.myaccount.tests.MyAccountTests.ableToReceiveAndViewFaxWhenStorageEnabledONFromMGMT(MyAccountTests.java:82)
	at java.util.ArrayList.forEach(ArrayList.java:1257)
... Removed 29 stack frames</pre></div><a href='#' onClick='toggleBox("stack-trace2034054159", this, "Click to show all stack frames", "Click to hide stack frames")'>Click to show all stack frames</a>
<div class='stack-trace' id='stack-trace2034054159'><pre>java.lang.AssertionError: null
	at org.testng.Assert.fail(Assert.java:97)
	at org.testng.Assert.fail(Assert.java:102)
	at org.j2.faxqa.efax.corporate.myaccount.tests.MyAccountTests.ableToReceiveAndViewFaxWhenStorageEnabledONFromMGMT(MyAccountTests.java:82)
	at sun.reflect.NativeMethodAccessorImpl.invoke0(Native Method)
	at sun.reflect.NativeMethodAccessorImpl.invoke(NativeMethodAccessorImpl.java:62)
	at sun.reflect.DelegatingMethodAccessorImpl.invoke(DelegatingMethodAccessorImpl.java:43)
	at java.lang.reflect.Method.invoke(Method.java:498)
	at org.testng.internal.MethodInvocationHelper.invokeMethod(MethodInvocationHelper.java:134)
	at org.testng.internal.TestInvoker.invokeMethod(TestInvoker.java:597)
	at org.testng.internal.TestInvoker.invokeTestMethod(TestInvoker.java:173)
	at org.testng.internal.MethodRunner.runInSequence(MethodRunner.java:46)
	at org.testng.internal.TestInvoker$MethodInvocationAgent.invoke(TestInvoker.java:816)
	at org.testng.internal.TestInvoker.invokeTestMethods(TestInvoker.java:146)
	at org.testng.internal.TestMethodWorker.invokeTestMethods(TestMethodWorker.java:146)
	at org.testng.internal.TestMethodWorker.run(TestMethodWorker.java:128)
	at java.util.ArrayList.forEach(ArrayList.java:1257)
	at org.testng.TestRunner.privateRun(TestRunner.java:766)
	at org.testng.TestRunner.run(TestRunner.java:587)
	at org.testng.SuiteRunner.runTest(SuiteRunner.java:384)
	at org.testng.SuiteRunner.runSequentially(SuiteRunner.java:378)
	at org.testng.SuiteRunner.privateRun(SuiteRunner.java:337)
	at org.testng.SuiteRunner.run(SuiteRunner.java:286)
	at org.testng.SuiteRunnerWorker.runSuite(SuiteRunnerWorker.java:53)
	at org.testng.SuiteRunnerWorker.run(SuiteRunnerWorker.java:96)
	at org.testng.TestNG.runSuitesSequentially(TestNG.java:1187)
	at org.testng.TestNG.runSuitesLocally(TestNG.java:1109)
	at org.testng.TestNG.runSuites(TestNG.java:1039)
	at org.testng.TestNG.run(TestNG.java:1007)
	at org.testng.remote.AbstractRemoteTestNG.run(AbstractRemoteTestNG.java:115)
	at org.testng.remote.RemoteTestNG.initAndRun(RemoteTestNG.java:251)
	at org.testng.remote.RemoteTestNG.main(RemoteTestNG.java:77)
</pre></div></td>
<td>165</td>
<td>org.j2.faxqa.efax.corporate.myaccount.tests.MyAccountTests@79d8407f</td></tr>
<tr>
<td title='org.j2.faxqa.efax.corporate.admin.tests.AdminTests.testAssignFunctionality()'><b>testAssignFunctionality</b><br>Test class: org.j2.faxqa.efax.corporate.admin.tests.AdminTests<br>Test method: Admin > Test assigning fax numbers functionality to myaccount users<br/>
<a href="#Output-998972329" onClick='toggleBox("Output-998972329", this, "Show output", "Hide output");'>Show output</a>

<a href="#Output-998972329" onClick="toggleAllBoxes();">Show all outputs</a>
<div class='log' id="Output-998972329">
14:23:30.458 [main] INFO : WebBrowser = chrome<br/>
14:23:30.463 [main] INFO : Using chromedriver 80.0.3987.16 (since Google Chrome 80 is installed in your machine)<br/>
14:23:30.466 [main] INFO : Exporting webdriver.chrome.driver as C:\Users\Jagadeesh\.m2\repository\webdriver\chromedriver\win32\80.0.3987.16\chromedriver.exe<br/>
14:23:35.544 [main] INFO : Created ThreadLocal webdriver.<br/>
14:23:39.576 [main] INFO : Setting  implicitlyWait to '10' seconds<br/>
14:23:39.593 [main] INFO : Setting document.body.style.zoom='80%';<br/>
14:23:39.599 [main] INFO : Initializing page - <br/>
14:23:39.603 [main] INFO : Initializing page - <br/>
14:23:39.607 [main] INFO : Initializing page - <br/>
14:23:39.610 [main] INFO : Initializing page - <br/>
14:23:39.613 [main] INFO : Initializing page - <br/>
14:23:39.616 [main] INFO : Initializing page - <br/>
14:23:39.619 [main] INFO : Initializing page - <br/>
14:23:39.621 [main] INFO : Initializing page - <br/>
</div>
</td>
<td><div><pre>java.lang.AssertionError: null
	at org.j2.faxqa.efax.corporate.admin.tests.AdminTests.testAssignFunctionality(AdminTests.java:278)
	at java.util.ArrayList.forEach(ArrayList.java:1257)
... Removed 29 stack frames</pre></div><a href='#' onClick='toggleBox("stack-trace998972329", this, "Click to show all stack frames", "Click to hide stack frames")'>Click to show all stack frames</a>
<div class='stack-trace' id='stack-trace998972329'><pre>java.lang.AssertionError: null
	at org.testng.Assert.fail(Assert.java:97)
	at org.testng.Assert.fail(Assert.java:102)
	at org.j2.faxqa.efax.corporate.admin.tests.AdminTests.testAssignFunctionality(AdminTests.java:278)
	at sun.reflect.NativeMethodAccessorImpl.invoke0(Native Method)
	at sun.reflect.NativeMethodAccessorImpl.invoke(NativeMethodAccessorImpl.java:62)
	at sun.reflect.DelegatingMethodAccessorImpl.invoke(DelegatingMethodAccessorImpl.java:43)
	at java.lang.reflect.Method.invoke(Method.java:498)
	at org.testng.internal.MethodInvocationHelper.invokeMethod(MethodInvocationHelper.java:134)
	at org.testng.internal.TestInvoker.invokeMethod(TestInvoker.java:597)
	at org.testng.internal.TestInvoker.invokeTestMethod(TestInvoker.java:173)
	at org.testng.internal.MethodRunner.runInSequence(MethodRunner.java:46)
	at org.testng.internal.TestInvoker$MethodInvocationAgent.invoke(TestInvoker.java:816)
	at org.testng.internal.TestInvoker.invokeTestMethods(TestInvoker.java:146)
	at org.testng.internal.TestMethodWorker.invokeTestMethods(TestMethodWorker.java:146)
	at org.testng.internal.TestMethodWorker.run(TestMethodWorker.java:128)
	at java.util.ArrayList.forEach(ArrayList.java:1257)
	at org.testng.TestRunner.privateRun(TestRunner.java:766)
	at org.testng.TestRunner.run(TestRunner.java:587)
	at org.testng.SuiteRunner.runTest(SuiteRunner.java:384)
	at org.testng.SuiteRunner.runSequentially(SuiteRunner.java:378)
	at org.testng.SuiteRunner.privateRun(SuiteRunner.java:337)
	at org.testng.SuiteRunner.run(SuiteRunner.java:286)
	at org.testng.SuiteRunnerWorker.runSuite(SuiteRunnerWorker.java:53)
	at org.testng.SuiteRunnerWorker.run(SuiteRunnerWorker.java:96)
	at org.testng.TestNG.runSuitesSequentially(TestNG.java:1187)
	at org.testng.TestNG.runSuitesLocally(TestNG.java:1109)
	at org.testng.TestNG.runSuites(TestNG.java:1039)
	at org.testng.TestNG.run(TestNG.java:1007)
	at org.testng.remote.AbstractRemoteTestNG.run(AbstractRemoteTestNG.java:115)
	at org.testng.remote.RemoteTestNG.initAndRun(RemoteTestNG.java:251)
	at org.testng.remote.RemoteTestNG.main(RemoteTestNG.java:77)
</pre></div></td>
<td>58</td>
<td>org.j2.faxqa.efax.corporate.admin.tests.AdminTests@3c3d9b6b</td></tr>
<tr>
<td title='org.j2.faxqa.efax.efax_us.funnel.tests.SignUpTests.testcase1()'><b>testcase1</b><br>Test class: org.j2.faxqa.efax.efax_us.funnel.tests.SignUpTests<br>Test method: US > SignUp for a new user account<br>Parameters: org.testng.TestRunner@53976f5c<br/>
<a href="#Output-464064894" onClick='toggleBox("Output-464064894", this, "Show output", "Hide output");'>Show output</a>

<a href="#Output-464064894" onClick="toggleAllBoxes();">Show all outputs</a>
<div class='log' id="Output-464064894">
14:20:32.736 [main] INFO : WebBrowser = chrome<br/>
14:20:35.697 [main] INFO : Using chromedriver 80.0.3987.16 (since Google Chrome 80 is installed in your machine)<br/>
14:20:35.711 [main] INFO : Exporting webdriver.chrome.driver as C:\Users\Jagadeesh\.m2\repository\webdriver\chromedriver\win32\80.0.3987.16\chromedriver.exe<br/>
14:20:41.045 [main] INFO : Created ThreadLocal webdriver.<br/>
14:20:45.073 [main] INFO : Setting  implicitlyWait to '10' seconds<br/>
14:20:45.081 [main] INFO : Setting document.body.style.zoom='80%';<br/>
14:20:45.083 [main] INFO : Navigating to - null<br/>
14:20:45.084 [main] INFO : java.lang.NullPointerException: null value in entry: url=null<br/>
<br><img src='C:\Users\Jagadeesh\eclipse-workspace\end-to-end-web\target\surefire-reports\Suite\screenshots\maincaptureScreen.png' style="width: 33%; height: 33%"<br/>
</div>
</td>
<td><div><pre>java.lang.AssertionError: null
	at org.j2.faxqa.efax.efax_us.funnel.tests.SignUpTests.testcase1(SignUpTests.java:100)
	at java.util.ArrayList.forEach(ArrayList.java:1257)
... Removed 29 stack frames</pre></div><a href='#' onClick='toggleBox("stack-trace464064894", this, "Click to show all stack frames", "Click to hide stack frames")'>Click to show all stack frames</a>
<div class='stack-trace' id='stack-trace464064894'><pre>java.lang.AssertionError: null
	at org.testng.Assert.fail(Assert.java:97)
	at org.testng.Assert.fail(Assert.java:102)
	at org.j2.faxqa.efax.efax_us.funnel.tests.SignUpTests.testcase1(SignUpTests.java:100)
	at sun.reflect.NativeMethodAccessorImpl.invoke0(Native Method)
	at sun.reflect.NativeMethodAccessorImpl.invoke(NativeMethodAccessorImpl.java:62)
	at sun.reflect.DelegatingMethodAccessorImpl.invoke(DelegatingMethodAccessorImpl.java:43)
	at java.lang.reflect.Method.invoke(Method.java:498)
	at org.testng.internal.MethodInvocationHelper.invokeMethod(MethodInvocationHelper.java:134)
	at org.testng.internal.TestInvoker.invokeMethod(TestInvoker.java:597)
	at org.testng.internal.TestInvoker.invokeTestMethod(TestInvoker.java:173)
	at org.testng.internal.MethodRunner.runInSequence(MethodRunner.java:46)
	at org.testng.internal.TestInvoker$MethodInvocationAgent.invoke(TestInvoker.java:816)
	at org.testng.internal.TestInvoker.invokeTestMethods(TestInvoker.java:146)
	at org.testng.internal.TestMethodWorker.invokeTestMethods(TestMethodWorker.java:146)
	at org.testng.internal.TestMethodWorker.run(TestMethodWorker.java:128)
	at java.util.ArrayList.forEach(ArrayList.java:1257)
	at org.testng.TestRunner.privateRun(TestRunner.java:766)
	at org.testng.TestRunner.run(TestRunner.java:587)
	at org.testng.SuiteRunner.runTest(SuiteRunner.java:384)
	at org.testng.SuiteRunner.runSequentially(SuiteRunner.java:378)
	at org.testng.SuiteRunner.privateRun(SuiteRunner.java:337)
	at org.testng.SuiteRunner.run(SuiteRunner.java:286)
	at org.testng.SuiteRunnerWorker.runSuite(SuiteRunnerWorker.java:53)
	at org.testng.SuiteRunnerWorker.run(SuiteRunnerWorker.java:96)
	at org.testng.TestNG.runSuitesSequentially(TestNG.java:1187)
	at org.testng.TestNG.runSuitesLocally(TestNG.java:1109)
	at org.testng.TestNG.runSuites(TestNG.java:1039)
	at org.testng.TestNG.run(TestNG.java:1007)
	at org.testng.remote.AbstractRemoteTestNG.run(AbstractRemoteTestNG.java:115)
	at org.testng.remote.RemoteTestNG.initAndRun(RemoteTestNG.java:251)
	at org.testng.remote.RemoteTestNG.main(RemoteTestNG.java:77)
</pre></div></td>
<td>12</td>
<td>org.j2.faxqa.efax.efax_us.funnel.tests.SignUpTests@13b6aecc</td></tr>
<tr>
<td title='org.j2.faxqa.efax.efax_us.myaccount.tests.SendfaxTests.testcase1()'><b>testcase1</b><br>Test class: org.j2.faxqa.efax.efax_us.myaccount.tests.SendfaxTests<br>Test method: US > Send a fax to self and verify the received fax<br>Parameters: org.testng.TestRunner@53976f5c<br/>
<a href="#Output-752011518" onClick='toggleBox("Output-752011518", this, "Show output", "Hide output");'>Show output</a>

<a href="#Output-752011518" onClick="toggleAllBoxes();">Show all outputs</a>
<div class='log' id="Output-752011518">
14:20:46.042 [main] INFO : WebBrowser = chrome<br/>
14:20:46.048 [main] INFO : Using chromedriver 80.0.3987.16 (since Google Chrome 80 is installed in your machine)<br/>
14:20:46.051 [main] INFO : Exporting webdriver.chrome.driver as C:\Users\Jagadeesh\.m2\repository\webdriver\chromedriver\win32\80.0.3987.16\chromedriver.exe<br/>
14:20:51.100 [main] INFO : Created ThreadLocal webdriver.<br/>
14:20:55.120 [main] INFO : Setting  implicitlyWait to '10' seconds<br/>
14:20:55.129 [main] INFO : Setting document.body.style.zoom='80%';<br/>
14:20:55.130 [main] INFO : java.lang.NullPointerException: null value in entry: url=null<br/>
<br><img src='C:\Users\Jagadeesh\eclipse-workspace\end-to-end-web\target\surefire-reports\Suite\screenshots\maincaptureScreen.png' style="width: 33%; height: 33%"<br/>
</div>
</td>
<td><div><pre>java.lang.AssertionError: null
	at org.j2.faxqa.efax.efax_us.myaccount.tests.SendfaxTests.testcase1(SendfaxTests.java:83)
	at java.util.ArrayList.forEach(ArrayList.java:1257)
... Removed 29 stack frames</pre></div><a href='#' onClick='toggleBox("stack-trace752011518", this, "Click to show all stack frames", "Click to hide stack frames")'>Click to show all stack frames</a>
<div class='stack-trace' id='stack-trace752011518'><pre>java.lang.AssertionError: null
	at org.testng.Assert.fail(Assert.java:97)
	at org.testng.Assert.fail(Assert.java:102)
	at org.j2.faxqa.efax.efax_us.myaccount.tests.SendfaxTests.testcase1(SendfaxTests.java:83)
	at sun.reflect.NativeMethodAccessorImpl.invoke0(Native Method)
	at sun.reflect.NativeMethodAccessorImpl.invoke(NativeMethodAccessorImpl.java:62)
	at sun.reflect.DelegatingMethodAccessorImpl.invoke(DelegatingMethodAccessorImpl.java:43)
	at java.lang.reflect.Method.invoke(Method.java:498)
	at org.testng.internal.MethodInvocationHelper.invokeMethod(MethodInvocationHelper.java:134)
	at org.testng.internal.TestInvoker.invokeMethod(TestInvoker.java:597)
	at org.testng.internal.TestInvoker.invokeTestMethod(TestInvoker.java:173)
	at org.testng.internal.MethodRunner.runInSequence(MethodRunner.java:46)
	at org.testng.internal.TestInvoker$MethodInvocationAgent.invoke(TestInvoker.java:816)
	at org.testng.internal.TestInvoker.invokeTestMethods(TestInvoker.java:146)
	at org.testng.internal.TestMethodWorker.invokeTestMethods(TestMethodWorker.java:146)
	at org.testng.internal.TestMethodWorker.run(TestMethodWorker.java:128)
	at java.util.ArrayList.forEach(ArrayList.java:1257)
	at org.testng.TestRunner.privateRun(TestRunner.java:766)
	at org.testng.TestRunner.run(TestRunner.java:587)
	at org.testng.SuiteRunner.runTest(SuiteRunner.java:384)
	at org.testng.SuiteRunner.runSequentially(SuiteRunner.java:378)
	at org.testng.SuiteRunner.privateRun(SuiteRunner.java:337)
	at org.testng.SuiteRunner.run(SuiteRunner.java:286)
	at org.testng.SuiteRunnerWorker.runSuite(SuiteRunnerWorker.java:53)
	at org.testng.SuiteRunnerWorker.run(SuiteRunnerWorker.java:96)
	at org.testng.TestNG.runSuitesSequentially(TestNG.java:1187)
	at org.testng.TestNG.runSuitesLocally(TestNG.java:1109)
	at org.testng.TestNG.runSuites(TestNG.java:1039)
	at org.testng.TestNG.run(TestNG.java:1007)
	at org.testng.remote.AbstractRemoteTestNG.run(AbstractRemoteTestNG.java:115)
	at org.testng.remote.RemoteTestNG.initAndRun(RemoteTestNG.java:251)
	at org.testng.remote.RemoteTestNG.main(RemoteTestNG.java:77)
</pre></div></td>
<td>9</td>
<td>org.j2.faxqa.efax.efax_us.myaccount.tests.SendfaxTests@158a8276</td></tr>
</table><p>
<table width='100%' border='1' class='invocation-passed'>
<tr><td colspan='4' align='center'><b>PASSED TESTS</b></td></tr>
<tr><td><b>Test method</b></td>
<td width="30%"><b>Exception</b></td>
<td width="10%"><b>Time (seconds)</b></td>
<td><b>Instance</b></td>
</tr>
<tr>
<td title='org.j2.faxqa.efax.corporate.admin.tests.AdminTests.addFaxNumberUsingSearchByState()'><b>addFaxNumberUsingSearchByState</b><br>Test class: org.j2.faxqa.efax.corporate.admin.tests.AdminTests<br>Test method: Verify that new Fax Numbers should be added successfully to account using 'Search By - State' option<br/>
<a href="#Output-651316602" onClick='toggleBox("Output-651316602", this, "Show output", "Hide output");'>Show output</a>

<a href="#Output-651316602" onClick="toggleAllBoxes();">Show all outputs</a>
<div class='log' id="Output-651316602">
14:21:47.169 [main] INFO : WebBrowser = chrome<br/>
14:21:47.177 [main] INFO : Using chromedriver 80.0.3987.16 (since Google Chrome 80 is installed in your machine)<br/>
14:21:47.180 [main] INFO : Exporting webdriver.chrome.driver as C:\Users\Jagadeesh\.m2\repository\webdriver\chromedriver\win32\80.0.3987.16\chromedriver.exe<br/>
14:21:52.215 [main] INFO : Created ThreadLocal webdriver.<br/>
14:21:56.243 [main] INFO : Setting  implicitlyWait to '10' seconds<br/>
14:21:56.254 [main] INFO : Setting document.body.style.zoom='80%';<br/>
14:22:00.805 [main] INFO : Initializing page - Login<br/>
14:22:06.528 [main] INFO : Initializing page - Dashboard<br/>
14:22:06.536 [main] INFO : Initializing page - Dashboard<br/>
14:22:09.731 [main] INFO : Initializing page - Numbers | eFax<br/>
14:22:10.211 [main] INFO : Initializing page - Numbers | eFax<br/>
</div>
</td>
<td></td>
<td>37</td>
<td>org.j2.faxqa.efax.corporate.admin.tests.AdminTests@3c3d9b6b</td></tr>
<tr>
<td title='org.j2.faxqa.efax.corporate.admin.tests.AdminTests.adminUserShouldBeCreatedSuccessfully()'><b>adminUserShouldBeCreatedSuccessfully</b><br>Test class: org.j2.faxqa.efax.corporate.admin.tests.AdminTests<br>Test method: Verify that new admin user should be created successfully<br/>
<a href="#Output-1088744071" onClick='toggleBox("Output-1088744071", this, "Show output", "Hide output");'>Show output</a>

<a href="#Output-1088744071" onClick="toggleAllBoxes();">Show all outputs</a>
<div class='log' id="Output-1088744071">
14:20:56.053 [main] INFO : WebBrowser = chrome<br/>
14:20:56.059 [main] INFO : Using chromedriver 80.0.3987.16 (since Google Chrome 80 is installed in your machine)<br/>
14:20:56.062 [main] INFO : Exporting webdriver.chrome.driver as C:\Users\Jagadeesh\.m2\repository\webdriver\chromedriver\win32\80.0.3987.16\chromedriver.exe<br/>
14:21:01.106 [main] INFO : Created ThreadLocal webdriver.<br/>
14:21:05.141 [main] INFO : Setting  implicitlyWait to '10' seconds<br/>
14:21:05.148 [main] INFO : Setting document.body.style.zoom='80%';<br/>
14:21:09.958 [main] INFO : Initializing page - Login<br/>
14:21:16.895 [main] INFO : Initializing page - Dashboard<br/>
14:21:16.923 [main] INFO : Initializing page - Dashboard<br/>
14:21:22.812 [main] INFO : Initializing page - Users | eFax<br/>
14:21:22.819 [main] INFO : Initializing page - Users | eFax<br/>
14:21:25.891 [main] INFO : Initializing page - eFax Corporate: Create New User<br/>
14:21:25.896 [main] INFO : Initializing page - eFax Corporate: Create New User<br/>
14:21:32.053 [main] INFO : Initializing page - eFax Corporate: Edit Group Admin<br/>
14:21:32.059 [main] INFO : Initializing page - eFax Corporate: Edit Group Admin<br/>
14:21:34.347 [main] INFO : Initializing page - Login<br/>
14:21:44.133 [main] INFO : Initializing page - eFax Corporate<br/>
14:21:44.139 [main] INFO : Initializing page - eFax Corporate<br/>
</div>
</td>
<td></td>
<td>50</td>
<td>org.j2.faxqa.efax.corporate.admin.tests.AdminTests@3c3d9b6b</td></tr>
<tr>
<td title='org.j2.faxqa.efax.corporate.admin.tests.AdminTests.newUserShouldBeCreatedAndSettingShouldBeInheritedFromTheGroup()'><b>newUserShouldBeCreatedAndSettingShouldBeInheritedFromTheGroup</b><br>Test class: org.j2.faxqa.efax.corporate.admin.tests.AdminTests<br>Test method: Verify that new user should be created from the Group Details page and setting of that user should be inherited from the Group<br/>
<a href="#Output-415928951" onClick='toggleBox("Output-415928951", this, "Show output", "Hide output");'>Show output</a>

<a href="#Output-415928951" onClick="toggleAllBoxes();">Show all outputs</a>
<div class='log' id="Output-415928951">
14:22:25.639 [main] INFO : WebBrowser = chrome<br/>
14:22:25.659 [main] INFO : Using chromedriver 80.0.3987.16 (since Google Chrome 80 is installed in your machine)<br/>
14:22:25.662 [main] INFO : Exporting webdriver.chrome.driver as C:\Users\Jagadeesh\.m2\repository\webdriver\chromedriver\win32\80.0.3987.16\chromedriver.exe<br/>
14:22:30.702 [main] INFO : Created ThreadLocal webdriver.<br/>
14:22:34.724 [main] INFO : Setting  implicitlyWait to '10' seconds<br/>
14:22:34.731 [main] INFO : Setting document.body.style.zoom='80%';<br/>
14:22:39.282 [main] INFO : Initializing page - Login<br/>
14:22:45.651 [main] INFO : Initializing page - Dashboard<br/>
14:22:45.656 [main] INFO : Initializing page - Dashboard<br/>
14:22:50.748 [main] INFO : Initializing page - Groups | eFax<br/>
14:22:50.752 [main] INFO : Initializing page - Groups | eFax<br/>
14:22:53.285 [main] INFO : Initializing page - Groups Settings | eFax<br/>
14:22:53.376 [main] INFO : Initializing page - Groups Settings | eFax<br/>
14:22:53.380 [main] INFO : Initializing page - Groups Settings | eFax<br/>
14:22:53.385 [main] INFO : Initializing page - Groups Settings | eFax<br/>
</div>
</td>
<td></td>
<td>37</td>
<td>org.j2.faxqa.efax.corporate.admin.tests.AdminTests@3c3d9b6b</td></tr>
<tr>
<td title='org.j2.faxqa.efax.corporate.myaccount.tests.MyAccountTests.shouldBeAbleToCreateNewMyAccountUser()'><b>shouldBeAbleToCreateNewMyAccountUser</b><br>Test class: org.j2.faxqa.efax.corporate.myaccount.tests.MyAccountTests<br>Test method: Verify that admin user should be able to create new MyAccount user<br>Parameters: org.testng.TestRunner@53976f5c<br/>
<a href="#Output-2132182599" onClick='toggleBox("Output-2132182599", this, "Show output", "Hide output");'>Show output</a>

<a href="#Output-2132182599" onClick="toggleAllBoxes();">Show all outputs</a>
<div class='log' id="Output-2132182599">
14:27:26.262 [main] INFO : WebBrowser = chrome<br/>
14:27:26.269 [main] INFO : Using chromedriver 80.0.3987.16 (since Google Chrome 80 is installed in your machine)<br/>
14:27:26.273 [main] INFO : Exporting webdriver.chrome.driver as C:\Users\Jagadeesh\.m2\repository\webdriver\chromedriver\win32\80.0.3987.16\chromedriver.exe<br/>
14:27:31.396 [main] INFO : Created ThreadLocal webdriver.<br/>
14:27:35.417 [main] INFO : Setting  implicitlyWait to '10' seconds<br/>
14:27:35.424 [main] INFO : Setting document.body.style.zoom='80%';<br/>
14:27:40.375 [main] INFO : Initializing page - Login<br/>
14:27:53.625 [main] INFO : Initializing page - eFax Corporate: Create New User<br/>
14:27:53.629 [main] INFO : Initializing page - eFax Corporate: Create New User<br/>
14:28:04.768 [main] INFO : Initializing page - eFax Corporate: Create New User<br/>
14:28:04.772 [main] INFO : Initializing page - eFax Corporate: Create New User<br/>
14:28:11.125 [main] INFO : Initializing page - eFax Corporate: Edit User<br/>
14:28:34.612 [main] INFO : Initializing page - eFax Corporate: Log into My Account | Internet Fax Services Login<br/>
14:29:01.294 [main] INFO : Initializing page - My Account - Account Details<br/>
14:29:01.297 [main] INFO : Initializing page - My Account - Account Details<br/>
</div>
</td>
<td></td>
<td>104</td>
<td>org.j2.faxqa.efax.corporate.myaccount.tests.MyAccountTests@79d8407f</td></tr>
<tr>
<td title='org.j2.faxqa.efax.corporate.admin.tests.AdminTests.testAddGroupUsingGroupAdmin()'><b>testAddGroupUsingGroupAdmin</b><br>Test class: org.j2.faxqa.efax.corporate.admin.tests.AdminTests<br>Test method: Verify that new group should be created/added successfully<br/>
<a href="#Output-1601071362" onClick='toggleBox("Output-1601071362", this, "Show output", "Hide output");'>Show output</a>

<a href="#Output-1601071362" onClick="toggleAllBoxes();">Show all outputs</a>
<div class='log' id="Output-1601071362">
14:23:03.413 [main] INFO : WebBrowser = chrome<br/>
14:23:03.419 [main] INFO : Using chromedriver 80.0.3987.16 (since Google Chrome 80 is installed in your machine)<br/>
14:23:03.421 [main] INFO : Exporting webdriver.chrome.driver as C:\Users\Jagadeesh\.m2\repository\webdriver\chromedriver\win32\80.0.3987.16\chromedriver.exe<br/>
14:23:08.486 [main] INFO : Created ThreadLocal webdriver.<br/>
14:23:12.518 [main] INFO : Setting  implicitlyWait to '10' seconds<br/>
14:23:12.526 [main] INFO : Setting document.body.style.zoom='80%';<br/>
14:23:16.909 [main] INFO : Initializing page - Login<br/>
14:23:23.224 [main] INFO : Initializing page - Dashboard<br/>
14:23:23.227 [main] INFO : Initializing page - Dashboard<br/>
14:23:25.514 [main] INFO : Initializing page - Groups | eFax<br/>
</div>
</td>
<td></td>
<td>26</td>
<td>org.j2.faxqa.efax.corporate.admin.tests.AdminTests@3c3d9b6b</td></tr>
<tr>
<td title='org.j2.faxqa.efax.corporate.myaccount.tests.MyAccountTests.verifySendOutboundReceiveInboundFaxFunctionality()'><b>verifySendOutboundReceiveInboundFaxFunctionality</b><br>Test class: org.j2.faxqa.efax.corporate.myaccount.tests.MyAccountTests<br>Test method: Verify that Send outbound fax and Receive inbound fax functionality is working as expected<br>Parameters: org.testng.TestRunner@53976f5c<br/>
<a href="#Output-795513405" onClick='toggleBox("Output-795513405", this, "Show output", "Hide output");'>Show output</a>

<a href="#Output-795513405" onClick="toggleAllBoxes();">Show all outputs</a>
<div class='log' id="Output-795513405">
14:24:29.984 [main] INFO : WebBrowser = chrome<br/>
14:24:29.991 [main] INFO : Using chromedriver 80.0.3987.16 (since Google Chrome 80 is installed in your machine)<br/>
14:24:29.993 [main] INFO : Exporting webdriver.chrome.driver as C:\Users\Jagadeesh\.m2\repository\webdriver\chromedriver\win32\80.0.3987.16\chromedriver.exe<br/>
14:24:35.320 [main] INFO : Created ThreadLocal webdriver.<br/>
14:24:39.349 [main] INFO : Setting  implicitlyWait to '10' seconds<br/>
14:24:39.369 [main] INFO : Setting document.body.style.zoom='80%';<br/>
14:24:43.795 [main] INFO : Initializing page - Login<br/>
14:24:52.358 [main] INFO : Initializing page - eFax Corporate: Create New User<br/>
14:24:52.364 [main] INFO : Initializing page - eFax Corporate: Create New User<br/>
14:24:59.057 [main] INFO : Initializing page - eFax Corporate: Create New User<br/>
14:24:59.061 [main] INFO : Initializing page - eFax Corporate: Create New User<br/>
14:25:05.949 [main] INFO : Initializing page - eFax Corporate: Edit User<br/>
14:25:26.668 [main] INFO : Initializing page - eFax Corporate: Log into My Account | Internet Fax Services Login<br/>
14:26:43.033 [main] INFO : Initializing page - My Account - Account Details<br/>
14:26:43.038 [main] INFO : Initializing page - My Account - Account Details<br/>
14:26:53.271 [main] INFO : Initializing page - eFax Corporate: Log into My Account | Internet Fax Services Login<br/>
14:27:18.870 [main] INFO : Initializing page - My Account<br/>
14:27:19.276 [main] INFO : Initializing page - My Account<br/>
14:27:19.562 [main] INFO : Recipient FirstName field set to QATomas<br/>
14:27:19.633 [main] INFO : Recipient LastName field set to Wisozk<br/>
14:27:19.779 [main] INFO : Receipent Company field set to McGlynn, Douglas and Stiedemann<br/>
14:27:19.899 [main] INFO : Fax Number field set to 15622868311<br/>
14:27:19.967 [main] INFO : Add contact button enabled.<br/>
14:27:20.103 [main] INFO : reference Id field set to REFxcvza917r<br/>
14:27:20.658 [main] INFO : Fax Quality field set to Standard<br/>
14:27:20.717 [main] INFO : Send Receipt field set to deafult first email.<br/>
14:27:20.734 [main] INFO : Coverage option enabled.<br/>
14:27:20.852 [main] INFO : Subject field set to Test Send Fax - 5886tdji<br/>
14:27:20.940 [main] INFO : Message body field set to Message Body - 5710gfgs<br/>
14:27:21.015 [main] INFO : Uploaded attachment - C:\Users\Jagadeesh\eclipse-workspace\end-to-end-web\src\test\resources\sendrast\ANSII - Text - English.txt<br/>
14:27:21.064 [main] INFO : Uploaded attachment - C:\Users\Jagadeesh\eclipse-workspace\end-to-end-web\src\test\resources\sendrast\MBCS - Text - Chinese - Big5.txt<br/>
14:27:21.111 [main] INFO : Uploaded attachment - C:\Users\Jagadeesh\eclipse-workspace\end-to-end-web\src\test\resources\sendrast\MBCS - Text - Chinese - GB2312.txt<br/>
14:27:21.160 [main] INFO : Uploaded attachment - C:\Users\Jagadeesh\eclipse-workspace\end-to-end-web\src\test\resources\sendrast\MBCS - Text - Japanese - Shift-Jis.txt<br/>
14:27:21.203 [main] INFO : Uploaded attachment - C:\Users\Jagadeesh\eclipse-workspace\end-to-end-web\src\test\resources\sendrast\Unicode - Text - Japanese - UTF16.txt<br/>
14:27:21.252 [main] INFO : Uploaded attachment - C:\Users\Jagadeesh\eclipse-workspace\end-to-end-web\src\test\resources\sendrast\Unicode - Text - SimplifiedChinese - UTF8.txt<br/>
14:27:21.298 [main] INFO : Uploaded attachment - C:\Users\Jagadeesh\eclipse-workspace\end-to-end-web\src\test\resources\sendrast\Unicode - Text - TraditionalChinese - UTF16.txt<br/>
14:27:21.355 [main] INFO : Sending fax...<br/>
</div>
</td>
<td></td>
<td>175</td>
<td>org.j2.faxqa.efax.corporate.myaccount.tests.MyAccountTests@79d8407f</td></tr>
</table><p>
</body>
</html>