<?xml version="1.0" encoding="UTF-8"?>
<!-- Generated by org.testng.reporters.JUnitXMLReporter -->
<testsuite hostname="DESKTOP-0HG7EU4" ignored="0" name="Test" tests="10" failures="4" timestamp="2020-02-13T14:31:58 IST" time="685.468" errors="0">
  <testcase name="testcase1" time="12.703" classname="org.j2.faxqa.efax.efax_us.funnel.tests.SignUpTests">
    <failure type="java.lang.AssertionError" message="null">
      <![CDATA[java.lang.AssertionError: null
at org.j2.faxqa.efax.efax_us.funnel.tests.SignUpTests.testcase1(SignUpTests.java:100)
at java.util.ArrayList.forEach(ArrayList.java:1257)
... Removed 29 stack frames]]>
    </failure>
  </testcase> <!-- testcase1 -->
  <testcase name="testcase1" time="9.43" classname="org.j2.faxqa.efax.efax_us.myaccount.tests.SendfaxTests">
    <failure type="java.lang.AssertionError" message="null">
      <![CDATA[java.lang.AssertionError: null
at org.j2.faxqa.efax.efax_us.myaccount.tests.SendfaxTests.testcase1(SendfaxTests.java:83)
at java.util.ArrayList.forEach(ArrayList.java:1257)
... Removed 29 stack frames]]>
    </failure>
  </testcase> <!-- testcase1 -->
  <testcase name="adminUserShouldBeCreatedSuccessfully" time="50.519" classname="org.j2.faxqa.efax.corporate.admin.tests.AdminTests"/>
  <testcase name="addFaxNumberUsingSearchByState" time="37.863" classname="org.j2.faxqa.efax.corporate.admin.tests.AdminTests"/>
  <testcase name="newUserShouldBeCreatedAndSettingShouldBeInheritedFromTheGroup" time="37.197" classname="org.j2.faxqa.efax.corporate.admin.tests.AdminTests"/>
  <testcase name="testAddGroupUsingGroupAdmin" time="26.442" classname="org.j2.faxqa.efax.corporate.admin.tests.AdminTests"/>
  <testcase name="testAssignFunctionality" time="58.917" classname="org.j2.faxqa.efax.corporate.admin.tests.AdminTests">
    <failure type="java.lang.AssertionError" message="null">
      <![CDATA[java.lang.AssertionError: null
at org.j2.faxqa.efax.corporate.admin.tests.AdminTests.testAssignFunctionality(AdminTests.java:278)
at java.util.ArrayList.forEach(ArrayList.java:1257)
... Removed 29 stack frames]]>
    </failure>
  </testcase> <!-- testAssignFunctionality -->
  <testcase name="verifySendOutboundReceiveInboundFaxFunctionality" time="175.692" classname="org.j2.faxqa.efax.corporate.myaccount.tests.MyAccountTests"/>
  <testcase name="shouldBeAbleToCreateNewMyAccountUser" time="104.84" classname="org.j2.faxqa.efax.corporate.myaccount.tests.MyAccountTests"/>
  <testcase name="ableToReceiveAndViewFaxWhenStorageEnabledONFromMGMT" time="165.859" classname="org.j2.faxqa.efax.corporate.myaccount.tests.MyAccountTests">
    <failure type="java.lang.AssertionError" message="null">
      <![CDATA[java.lang.AssertionError: null
at org.j2.faxqa.efax.corporate.myaccount.tests.MyAccountTests.ableToReceiveAndViewFaxWhenStorageEnabledONFromMGMT(MyAccountTests.java:82)
at java.util.ArrayList.forEach(ArrayList.java:1257)
... Removed 29 stack frames]]>
    </failure>
  </testcase> <!-- ableToReceiveAndViewFaxWhenStorageEnabledONFromMGMT -->
</testsuite> <!-- Test -->
