<?xml version="1.0" encoding="UTF-8"?>
<!-- Generated by org.testng.reporters.JUnitReportReporter -->
<testsuite skipped="0" hostname="DESKTOP-0HG7EU4" name="org.j2.faxqa.efax.myaccount.tests.MyAccountTests" tests="3" failures="2" timestamp="2020-02-10T18:47:26 IST" time="213.934" errors="0">
  <testcase name="verifySendOutboundReceiveInboundFaxFunctionality" time="95.926" classname="org.j2.faxqa.efax.myaccount.tests.MyAccountTests"/>
  <system-out>
18:45:50.388 [TestNG-test=Test-1] INFO : WebBrowser = chrome 18:45:50.789 [TestNG-test=Test-1] INFO : Using chromedriver 80.0.3987.16 (since Google Chrome 80 is installed in your machine) 18:45:50.800 [TestNG-test=Test-1] INFO : Exporting webdriver.chrome.driver as C:\Users\Jagadeesh\.m2\repository\webdriver\chromedriver\win32\80.0.3987.16\chromedriver.exe 18:45:56.305 [TestNG-test=Test-1] INFO : Created ThreadLocal webdriver. 18:46:00.330 [TestNG-test=Test-1] INFO : Setting  implicitlyWait to '10' seconds 18:46:00.339 [TestNG-test=Test-1] INFO : Setting document.body.style.zoom='80%'; 18:47:23.751 [TestNG-test=Test-1] INFO : Recipient FirstName field set to QATanna 18:47:23.826 [TestNG-test=Test-1] INFO : Recipient LastName field set to Leannon 18:47:23.963 [TestNG-test=Test-1] INFO : Receipent Company field set to Paucek, Cole and Stehr 18:47:24.079 [TestNG-test=Test-1] INFO : Fax Number field set to 13235550546 18:47:24.147 [TestNG-test=Test-1] INFO : Add contact button enabled. 18:47:24.294 [TestNG-test=Test-1] INFO : reference Id field set to REFvwztn735z 18:47:24.849 [TestNG-test=Test-1] INFO : Fax Quality field set to Standard 18:47:24.918 [TestNG-test=Test-1] INFO : Send Receipt field set to deafult first email. 18:47:24.936 [TestNG-test=Test-1] INFO : Coverage option enabled. 18:47:25.082 [TestNG-test=Test-1] INFO : Subject field set to Test Send Fax - 1902nbox 18:47:25.167 [TestNG-test=Test-1] INFO : Message body field set to Message Body - 6886judv 18:47:25.235 [TestNG-test=Test-1] INFO : Uploaded attachment - C:\Users\Jagadeesh\eclipse-workspace\efax-web-corporate\src\test\resources\sendrast\ANSII - Text - English.txt 18:47:25.288 [TestNG-test=Test-1] INFO : Uploaded attachment - C:\Users\Jagadeesh\eclipse-workspace\efax-web-corporate\src\test\resources\sendrast\MBCS - Text - Chinese - Big5.txt 18:47:25.338 [TestNG-test=Test-1] INFO : Uploaded attachment - C:\Users\Jagadeesh\eclipse-workspace\efax-web-corporate\src\test\resources\sendrast\MBCS - Text - Chinese - GB2312.txt 18:47:25.391 [TestNG-test=Test-1] INFO : Uploaded attachment - C:\Users\Jagadeesh\eclipse-workspace\efax-web-corporate\src\test\resources\sendrast\MBCS - Text - Japanese - Shift-Jis.txt 18:47:25.444 [TestNG-test=Test-1] INFO : Uploaded attachment - C:\Users\Jagadeesh\eclipse-workspace\efax-web-corporate\src\test\resources\sendrast\Unicode - Text - Japanese - UTF16.txt 18:47:25.496 [TestNG-test=Test-1] INFO : Uploaded attachment - C:\Users\Jagadeesh\eclipse-workspace\efax-web-corporate\src\test\resources\sendrast\Unicode - Text - SimplifiedChinese - UTF8.txt 18:47:25.548 [TestNG-test=Test-1] INFO : Uploaded attachment - C:\Users\Jagadeesh\eclipse-workspace\efax-web-corporate\src\test\resources\sendrast\Unicode - Text - TraditionalChinese - UTF16.txt 18:47:25.613 [TestNG-test=Test-1] INFO : Sending fax...  </system-out>
  <testcase name="shouldBeAbleToCreateNewMyAccountUser" time="58.978" classname="org.j2.faxqa.efax.myaccount.tests.MyAccountTests">
    <failure type="java.lang.AssertionError" message="null">
      <![CDATA[java.lang.AssertionError: null
at org.testng.Assert.fail(Assert.java:97)
at org.testng.Assert.fail(Assert.java:102)
at org.j2.faxqa.efax.myaccount.tests.MyAccountTests.shouldBeAbleToCreateNewMyAccountUser(MyAccountTests.java:32)
at sun.reflect.NativeMethodAccessorImpl.invoke0(Native Method)
at sun.reflect.NativeMethodAccessorImpl.invoke(NativeMethodAccessorImpl.java:62)
at sun.reflect.DelegatingMethodAccessorImpl.invoke(DelegatingMethodAccessorImpl.java:43)
at java.lang.reflect.Method.invoke(Method.java:498)
at org.testng.internal.MethodInvocationHelper.invokeMethod(MethodInvocationHelper.java:134)
at org.testng.internal.TestInvoker.invokeMethod(TestInvoker.java:597)
at org.testng.internal.TestInvoker.invokeTestMethod(TestInvoker.java:173)
at org.testng.internal.MethodRunner.runInSequence(MethodRunner.java:46)
at org.testng.internal.TestInvoker$MethodInvocationAgent.invoke(TestInvoker.java:816)
at org.testng.internal.TestInvoker.invokeTestMethods(TestInvoker.java:146)
at org.testng.internal.TestMethodWorker.invokeTestMethods(TestMethodWorker.java:146)
at org.testng.internal.TestMethodWorker.run(TestMethodWorker.java:128)
at java.util.concurrent.ThreadPoolExecutor.runWorker(ThreadPoolExecutor.java:1149)
at java.util.concurrent.ThreadPoolExecutor$Worker.run(ThreadPoolExecutor.java:624)
at java.lang.Thread.run(Thread.java:748)
]]>
    </failure>
  </testcase> <!-- shouldBeAbleToCreateNewMyAccountUser -->
  <system-out>
18:46:09.649 [TestNG-test=Test-2] INFO : WebBrowser = chrome 18:46:09.661 [TestNG-test=Test-2] INFO : Using chromedriver 80.0.3987.16 (since Google Chrome 80 is installed in your machine) 18:46:09.664 [TestNG-test=Test-2] INFO : Exporting webdriver.chrome.driver as C:\Users\Jagadeesh\.m2\repository\webdriver\chromedriver\win32\80.0.3987.16\chromedriver.exe 18:46:14.822 [TestNG-test=Test-2] INFO : Created ThreadLocal webdriver. 18:46:18.844 [TestNG-test=Test-2] INFO : Setting  implicitlyWait to '10' seconds 18:46:18.851 [TestNG-test=Test-2] INFO : Setting document.body.style.zoom='80%'; <br><img src='C:\Users\Jagadeesh\eclipse-workspace\efax-web-corporate\target\surefire-reports\Suite\screenshots\TestNG-test=Test-2captureScreen.png' style="width: 33%; height: 33%"  </system-out>
  <testcase name="ableToReceiveAndViewFaxWhenStorageEnabledONFromMGMT" time="59.030" classname="org.j2.faxqa.efax.myaccount.tests.MyAccountTests">
    <failure type="java.lang.AssertionError" message="null">
      <![CDATA[java.lang.AssertionError: null
at org.testng.Assert.fail(Assert.java:97)
at org.testng.Assert.fail(Assert.java:102)
at org.j2.faxqa.efax.myaccount.tests.MyAccountTests.ableToReceiveAndViewFaxWhenStorageEnabledONFromMGMT(MyAccountTests.java:78)
at sun.reflect.NativeMethodAccessorImpl.invoke0(Native Method)
at sun.reflect.NativeMethodAccessorImpl.invoke(NativeMethodAccessorImpl.java:62)
at sun.reflect.DelegatingMethodAccessorImpl.invoke(DelegatingMethodAccessorImpl.java:43)
at java.lang.reflect.Method.invoke(Method.java:498)
at org.testng.internal.MethodInvocationHelper.invokeMethod(MethodInvocationHelper.java:134)
at org.testng.internal.TestInvoker.invokeMethod(TestInvoker.java:597)
at org.testng.internal.TestInvoker.invokeTestMethod(TestInvoker.java:173)
at org.testng.internal.MethodRunner.runInSequence(MethodRunner.java:46)
at org.testng.internal.TestInvoker$MethodInvocationAgent.invoke(TestInvoker.java:816)
at org.testng.internal.TestInvoker.invokeTestMethods(TestInvoker.java:146)
at org.testng.internal.TestMethodWorker.invokeTestMethods(TestMethodWorker.java:146)
at org.testng.internal.TestMethodWorker.run(TestMethodWorker.java:128)
at java.util.concurrent.ThreadPoolExecutor.runWorker(ThreadPoolExecutor.java:1149)
at java.util.concurrent.ThreadPoolExecutor$Worker.run(ThreadPoolExecutor.java:624)
at java.lang.Thread.run(Thread.java:748)
]]>
    </failure>
  </testcase> <!-- ableToReceiveAndViewFaxWhenStorageEnabledONFromMGMT -->
  <system-out>
18:46:00.339 [TestNG-test=Test-3] INFO : WebBrowser = chrome 18:46:00.348 [TestNG-test=Test-3] INFO : Using chromedriver 80.0.3987.16 (since Google Chrome 80 is installed in your machine) 18:46:00.352 [TestNG-test=Test-3] INFO : Exporting webdriver.chrome.driver as C:\Users\Jagadeesh\.m2\repository\webdriver\chromedriver\win32\80.0.3987.16\chromedriver.exe 18:46:05.598 [TestNG-test=Test-3] INFO : Created ThreadLocal webdriver. 18:46:09.637 [TestNG-test=Test-3] INFO : Setting  implicitlyWait to '10' seconds 18:46:09.648 [TestNG-test=Test-3] INFO : Setting document.body.style.zoom='80%';  </system-out>
</testsuite> <!-- org.j2.faxqa.efax.myaccount.tests.MyAccountTests -->
