<?xml version="1.0" encoding="UTF-8"?>
<!-- Generated by org.testng.reporters.JUnitReportReporter -->
<testsuite skipped="0" hostname="DESKTOP-0HG7EU4" name="org.j2.faxqa.efax.corporate.admin.tests.AdminTests" tests="5" failures="1" timestamp="2020-02-13T14:31:58 IST" time="210.938" errors="0">
  <testcase name="adminUserShouldBeCreatedSuccessfully" time="50.519" classname="org.j2.faxqa.efax.corporate.admin.tests.AdminTests"/>
  <system-out>
14:20:56.053 [main] INFO : WebBrowser = chrome 14:20:56.059 [main] INFO : Using chromedriver 80.0.3987.16 (since Google Chrome 80 is installed in your machine) 14:20:56.062 [main] INFO : Exporting webdriver.chrome.driver as C:\Users\Jagadeesh\.m2\repository\webdriver\chromedriver\win32\80.0.3987.16\chromedriver.exe 14:21:01.106 [main] INFO : Created ThreadLocal webdriver. 14:21:05.141 [main] INFO : Setting  implicitlyWait to '10' seconds 14:21:05.148 [main] INFO : Setting document.body.style.zoom='80%'; 14:21:09.958 [main] INFO : Initializing page - Login 14:21:16.895 [main] INFO : Initializing page - Dashboard 14:21:16.923 [main] INFO : Initializing page - Dashboard 14:21:22.812 [main] INFO : Initializing page - Users | eFax 14:21:22.819 [main] INFO : Initializing page - Users | eFax 14:21:25.891 [main] INFO : Initializing page - eFax Corporate: Create New User 14:21:25.896 [main] INFO : Initializing page - eFax Corporate: Create New User 14:21:32.053 [main] INFO : Initializing page - eFax Corporate: Edit Group Admin 14:21:32.059 [main] INFO : Initializing page - eFax Corporate: Edit Group Admin 14:21:34.347 [main] INFO : Initializing page - Login 14:21:44.133 [main] INFO : Initializing page - eFax Corporate 14:21:44.139 [main] INFO : Initializing page - eFax Corporate  </system-out>
  <testcase name="addFaxNumberUsingSearchByState" time="37.863" classname="org.j2.faxqa.efax.corporate.admin.tests.AdminTests"/>
  <system-out>
14:21:47.169 [main] INFO : WebBrowser = chrome 14:21:47.177 [main] INFO : Using chromedriver 80.0.3987.16 (since Google Chrome 80 is installed in your machine) 14:21:47.180 [main] INFO : Exporting webdriver.chrome.driver as C:\Users\Jagadeesh\.m2\repository\webdriver\chromedriver\win32\80.0.3987.16\chromedriver.exe 14:21:52.215 [main] INFO : Created ThreadLocal webdriver. 14:21:56.243 [main] INFO : Setting  implicitlyWait to '10' seconds 14:21:56.254 [main] INFO : Setting document.body.style.zoom='80%'; 14:22:00.805 [main] INFO : Initializing page - Login 14:22:06.528 [main] INFO : Initializing page - Dashboard 14:22:06.536 [main] INFO : Initializing page - Dashboard 14:22:09.731 [main] INFO : Initializing page - Numbers | eFax 14:22:10.211 [main] INFO : Initializing page - Numbers | eFax  </system-out>
  <testcase name="testAddGroupUsingGroupAdmin" time="26.442" classname="org.j2.faxqa.efax.corporate.admin.tests.AdminTests"/>
  <system-out>
14:23:03.413 [main] INFO : WebBrowser = chrome 14:23:03.419 [main] INFO : Using chromedriver 80.0.3987.16 (since Google Chrome 80 is installed in your machine) 14:23:03.421 [main] INFO : Exporting webdriver.chrome.driver as C:\Users\Jagadeesh\.m2\repository\webdriver\chromedriver\win32\80.0.3987.16\chromedriver.exe 14:23:08.486 [main] INFO : Created ThreadLocal webdriver. 14:23:12.518 [main] INFO : Setting  implicitlyWait to '10' seconds 14:23:12.526 [main] INFO : Setting document.body.style.zoom='80%'; 14:23:16.909 [main] INFO : Initializing page - Login 14:23:23.224 [main] INFO : Initializing page - Dashboard 14:23:23.227 [main] INFO : Initializing page - Dashboard 14:23:25.514 [main] INFO : Initializing page - Groups | eFax  </system-out>
  <testcase name="newUserShouldBeCreatedAndSettingShouldBeInheritedFromTheGroup" time="37.197" classname="org.j2.faxqa.efax.corporate.admin.tests.AdminTests"/>
  <system-out>
14:22:25.639 [main] INFO : WebBrowser = chrome 14:22:25.659 [main] INFO : Using chromedriver 80.0.3987.16 (since Google Chrome 80 is installed in your machine) 14:22:25.662 [main] INFO : Exporting webdriver.chrome.driver as C:\Users\Jagadeesh\.m2\repository\webdriver\chromedriver\win32\80.0.3987.16\chromedriver.exe 14:22:30.702 [main] INFO : Created ThreadLocal webdriver. 14:22:34.724 [main] INFO : Setting  implicitlyWait to '10' seconds 14:22:34.731 [main] INFO : Setting document.body.style.zoom='80%'; 14:22:39.282 [main] INFO : Initializing page - Login 14:22:45.651 [main] INFO : Initializing page - Dashboard 14:22:45.656 [main] INFO : Initializing page - Dashboard 14:22:50.748 [main] INFO : Initializing page - Groups | eFax 14:22:50.752 [main] INFO : Initializing page - Groups | eFax 14:22:53.285 [main] INFO : Initializing page - Groups Settings | eFax 14:22:53.376 [main] INFO : Initializing page - Groups Settings | eFax 14:22:53.380 [main] INFO : Initializing page - Groups Settings | eFax 14:22:53.385 [main] INFO : Initializing page - Groups Settings | eFax  </system-out>
  <testcase name="testAssignFunctionality" time="58.917" classname="org.j2.faxqa.efax.corporate.admin.tests.AdminTests">
    <failure type="java.lang.AssertionError" message="null">
      <![CDATA[java.lang.AssertionError: null
at org.testng.Assert.fail(Assert.java:97)
at org.testng.Assert.fail(Assert.java:102)
at org.j2.faxqa.efax.corporate.admin.tests.AdminTests.testAssignFunctionality(AdminTests.java:278)
at sun.reflect.NativeMethodAccessorImpl.invoke0(Native Method)
at sun.reflect.NativeMethodAccessorImpl.invoke(NativeMethodAccessorImpl.java:62)
at sun.reflect.DelegatingMethodAccessorImpl.invoke(DelegatingMethodAccessorImpl.java:43)
at java.lang.reflect.Method.invoke(Method.java:498)
at org.testng.internal.MethodInvocationHelper.invokeMethod(MethodInvocationHelper.java:134)
at org.testng.internal.TestInvoker.invokeMethod(TestInvoker.java:597)
at org.testng.internal.TestInvoker.invokeTestMethod(TestInvoker.java:173)
at org.testng.internal.MethodRunner.runInSequence(MethodRunner.java:46)
at org.testng.internal.TestInvoker$MethodInvocationAgent.invoke(TestInvoker.java:816)
at org.testng.internal.TestInvoker.invokeTestMethods(TestInvoker.java:146)
at org.testng.internal.TestMethodWorker.invokeTestMethods(TestMethodWorker.java:146)
at org.testng.internal.TestMethodWorker.run(TestMethodWorker.java:128)
at java.util.ArrayList.forEach(ArrayList.java:1257)
at org.testng.TestRunner.privateRun(TestRunner.java:766)
at org.testng.TestRunner.run(TestRunner.java:587)
at org.testng.SuiteRunner.runTest(SuiteRunner.java:384)
at org.testng.SuiteRunner.runSequentially(SuiteRunner.java:378)
at org.testng.SuiteRunner.privateRun(SuiteRunner.java:337)
at org.testng.SuiteRunner.run(SuiteRunner.java:286)
at org.testng.SuiteRunnerWorker.runSuite(SuiteRunnerWorker.java:53)
at org.testng.SuiteRunnerWorker.run(SuiteRunnerWorker.java:96)
at org.testng.TestNG.runSuitesSequentially(TestNG.java:1187)
at org.testng.TestNG.runSuitesLocally(TestNG.java:1109)
at org.testng.TestNG.runSuites(TestNG.java:1039)
at org.testng.TestNG.run(TestNG.java:1007)
at org.testng.remote.AbstractRemoteTestNG.run(AbstractRemoteTestNG.java:115)
at org.testng.remote.RemoteTestNG.initAndRun(RemoteTestNG.java:251)
at org.testng.remote.RemoteTestNG.main(RemoteTestNG.java:77)
]]>
    </failure>
  </testcase> <!-- testAssignFunctionality -->
  <system-out>
14:23:30.458 [main] INFO : WebBrowser = chrome 14:23:30.463 [main] INFO : Using chromedriver 80.0.3987.16 (since Google Chrome 80 is installed in your machine) 14:23:30.466 [main] INFO : Exporting webdriver.chrome.driver as C:\Users\Jagadeesh\.m2\repository\webdriver\chromedriver\win32\80.0.3987.16\chromedriver.exe 14:23:35.544 [main] INFO : Created ThreadLocal webdriver. 14:23:39.576 [main] INFO : Setting  implicitlyWait to '10' seconds 14:23:39.593 [main] INFO : Setting document.body.style.zoom='80%'; 14:23:39.599 [main] INFO : Initializing page -  14:23:39.603 [main] INFO : Initializing page -  14:23:39.607 [main] INFO : Initializing page -  14:23:39.610 [main] INFO : Initializing page -  14:23:39.613 [main] INFO : Initializing page -  14:23:39.616 [main] INFO : Initializing page -  14:23:39.619 [main] INFO : Initializing page -  14:23:39.621 [main] INFO : Initializing page -   </system-out>
</testsuite> <!-- org.j2.faxqa.efax.corporate.admin.tests.AdminTests -->
