<?xml version="1.0" encoding="UTF-8"?>
<!-- Generated by org.testng.reporters.JUnitReportReporter -->
<testsuite skipped="0" hostname="DESKTOP-0HG7EU4" name="org.j2.faxqa.efax.efax_us.myaccount.tests.SendfaxTests" tests="1" failures="1" timestamp="2020-02-13T14:31:58 IST" time="9.430" errors="0">
  <testcase name="testcase1" time="9.430" classname="org.j2.faxqa.efax.efax_us.myaccount.tests.SendfaxTests">
    <failure type="java.lang.AssertionError" message="null">
      <![CDATA[java.lang.AssertionError: null
at org.testng.Assert.fail(Assert.java:97)
at org.testng.Assert.fail(Assert.java:102)
at org.j2.faxqa.efax.efax_us.myaccount.tests.SendfaxTests.testcase1(SendfaxTests.java:83)
at sun.reflect.NativeMethodAccessorImpl.invoke0(Native Method)
at sun.reflect.NativeMethodAccessorImpl.invoke(NativeMethodAccessorImpl.java:62)
at sun.reflect.DelegatingMethodAccessorImpl.invoke(DelegatingMethodAccessorImpl.java:43)
at java.lang.reflect.Method.invoke(Method.java:498)
at org.testng.internal.MethodInvocationHelper.invokeMethod(MethodInvocationHelper.java:134)
at org.testng.internal.TestInvoker.invokeMethod(TestInvoker.java:597)
at org.testng.internal.TestInvoker.invokeTestMethod(TestInvoker.java:173)
at org.testng.internal.MethodRunner.runInSequence(MethodRunner.java:46)
at org.testng.internal.TestInvoker$MethodInvocationAgent.invoke(TestInvoker.java:816)
at org.testng.internal.TestInvoker.invokeTestMethods(TestInvoker.java:146)
at org.testng.internal.TestMethodWorker.invokeTestMethods(TestMethodWorker.java:146)
at org.testng.internal.TestMethodWorker.run(TestMethodWorker.java:128)
at java.util.ArrayList.forEach(ArrayList.java:1257)
at org.testng.TestRunner.privateRun(TestRunner.java:766)
at org.testng.TestRunner.run(TestRunner.java:587)
at org.testng.SuiteRunner.runTest(SuiteRunner.java:384)
at org.testng.SuiteRunner.runSequentially(SuiteRunner.java:378)
at org.testng.SuiteRunner.privateRun(SuiteRunner.java:337)
at org.testng.SuiteRunner.run(SuiteRunner.java:286)
at org.testng.SuiteRunnerWorker.runSuite(SuiteRunnerWorker.java:53)
at org.testng.SuiteRunnerWorker.run(SuiteRunnerWorker.java:96)
at org.testng.TestNG.runSuitesSequentially(TestNG.java:1187)
at org.testng.TestNG.runSuitesLocally(TestNG.java:1109)
at org.testng.TestNG.runSuites(TestNG.java:1039)
at org.testng.TestNG.run(TestNG.java:1007)
at org.testng.remote.AbstractRemoteTestNG.run(AbstractRemoteTestNG.java:115)
at org.testng.remote.RemoteTestNG.initAndRun(RemoteTestNG.java:251)
at org.testng.remote.RemoteTestNG.main(RemoteTestNG.java:77)
]]>
    </failure>
  </testcase> <!-- testcase1 -->
  <system-out>
14:20:46.042 [main] INFO : WebBrowser = chrome 14:20:46.048 [main] INFO : Using chromedriver 80.0.3987.16 (since Google Chrome 80 is installed in your machine) 14:20:46.051 [main] INFO : Exporting webdriver.chrome.driver as C:\Users\Jagadeesh\.m2\repository\webdriver\chromedriver\win32\80.0.3987.16\chromedriver.exe 14:20:51.100 [main] INFO : Created ThreadLocal webdriver. 14:20:55.120 [main] INFO : Setting  implicitlyWait to '10' seconds 14:20:55.129 [main] INFO : Setting document.body.style.zoom='80%'; 14:20:55.130 [main] INFO : java.lang.NullPointerException: null value in entry: url=null <br><img src='C:\Users\Jagadeesh\eclipse-workspace\end-to-end-web\target\surefire-reports\Suite\screenshots\maincaptureScreen.png' style="width: 33%; height: 33%"  </system-out>
</testsuite> <!-- org.j2.faxqa.efax.efax_us.myaccount.tests.SendfaxTests -->
