<?xml version="1.0" encoding="UTF-8"?>
<!-- Generated by org.testng.reporters.JUnitReportReporter -->
<testsuite skipped="0" hostname="DESKTOP-0HG7EU4" name="org.j2.faxqa.efax.admin.tests.AdminTests" tests="5" failures="3" timestamp="2020-02-11T12:04:44 IST" time="445.541" errors="0">
  <testcase name="adminUserShouldBeCreatedSuccessfully" time="87.903" classname="org.j2.faxqa.efax.admin.tests.AdminTests"/>
  <system-out>
12:03:19.306 [TestNG-test=Test-1] INFO : WebBrowser = chrome 12:03:19.317 [TestNG-test=Test-1] INFO : Using chromedriver 80.0.3987.16 (since Google Chrome 80 is installed in your machine) 12:03:19.325 [TestNG-test=Test-1] INFO : Exporting webdriver.chrome.driver as C:\Users\Jagadeesh\.m2\repository\webdriver\chromedriver\win32\80.0.3987.16\chromedriver.exe 12:03:24.519 [TestNG-test=Test-1] INFO : Created ThreadLocal webdriver. 12:03:28.551 [TestNG-test=Test-1] INFO : Setting  implicitlyWait to '10' seconds 12:03:28.568 [TestNG-test=Test-1] INFO : Setting document.body.style.zoom='80%';  </system-out>
  <testcase name="addFaxNumberUsingSearchByState" time="123.054" classname="org.j2.faxqa.efax.admin.tests.AdminTests">
    <failure type="java.lang.AssertionError" message="null">
      <![CDATA[java.lang.AssertionError: null
at org.testng.Assert.fail(Assert.java:97)
at org.testng.Assert.fail(Assert.java:102)
at org.j2.faxqa.efax.admin.tests.AdminTests.addFaxNumberUsingSearchByState(AdminTests.java:195)
at sun.reflect.NativeMethodAccessorImpl.invoke0(Native Method)
at sun.reflect.NativeMethodAccessorImpl.invoke(NativeMethodAccessorImpl.java:62)
at sun.reflect.DelegatingMethodAccessorImpl.invoke(DelegatingMethodAccessorImpl.java:43)
at java.lang.reflect.Method.invoke(Method.java:498)
at org.testng.internal.MethodInvocationHelper.invokeMethod(MethodInvocationHelper.java:134)
at org.testng.internal.TestInvoker.invokeMethod(TestInvoker.java:597)
at org.testng.internal.TestInvoker.invokeTestMethod(TestInvoker.java:173)
at org.testng.internal.MethodRunner.runInSequence(MethodRunner.java:46)
at org.testng.internal.TestInvoker$MethodInvocationAgent.invoke(TestInvoker.java:816)
at org.testng.internal.TestInvoker.invokeTestMethods(TestInvoker.java:146)
at org.testng.internal.TestMethodWorker.invokeTestMethods(TestMethodWorker.java:146)
at org.testng.internal.TestMethodWorker.run(TestMethodWorker.java:128)
at java.util.concurrent.ThreadPoolExecutor.runWorker(ThreadPoolExecutor.java:1149)
at java.util.concurrent.ThreadPoolExecutor$Worker.run(ThreadPoolExecutor.java:624)
at java.lang.Thread.run(Thread.java:748)
]]>
    </failure>
  </testcase> <!-- addFaxNumberUsingSearchByState -->
  <system-out>
12:03:00.461 [TestNG-test=Test-2] INFO : WebBrowser = chrome 12:03:00.479 [TestNG-test=Test-2] INFO : Using chromedriver 80.0.3987.16 (since Google Chrome 80 is installed in your machine) 12:03:00.492 [TestNG-test=Test-2] INFO : Exporting webdriver.chrome.driver as C:\Users\Jagadeesh\.m2\repository\webdriver\chromedriver\win32\80.0.3987.16\chromedriver.exe 12:03:05.829 [TestNG-test=Test-2] INFO : Created ThreadLocal webdriver. 12:03:09.868 [TestNG-test=Test-2] INFO : Setting  implicitlyWait to '10' seconds 12:03:09.905 [TestNG-test=Test-2] INFO : Setting document.body.style.zoom='80%';  </system-out>
  <testcase name="newUserShouldBeCreatedAndSettingShouldBeInheritedFromTheGroup" time="95.693" classname="org.j2.faxqa.efax.admin.tests.AdminTests">
    <failure type="java.lang.AssertionError" message="null">
      <![CDATA[java.lang.AssertionError: null
at org.testng.Assert.fail(Assert.java:97)
at org.testng.Assert.fail(Assert.java:102)
at org.j2.faxqa.efax.admin.tests.AdminTests.newUserShouldBeCreatedAndSettingShouldBeInheritedFromTheGroup(AdminTests.java:152)
at sun.reflect.NativeMethodAccessorImpl.invoke0(Native Method)
at sun.reflect.NativeMethodAccessorImpl.invoke(NativeMethodAccessorImpl.java:62)
at sun.reflect.DelegatingMethodAccessorImpl.invoke(DelegatingMethodAccessorImpl.java:43)
at java.lang.reflect.Method.invoke(Method.java:498)
at org.testng.internal.MethodInvocationHelper.invokeMethod(MethodInvocationHelper.java:134)
at org.testng.internal.TestInvoker.invokeMethod(TestInvoker.java:597)
at org.testng.internal.TestInvoker.invokeTestMethod(TestInvoker.java:173)
at org.testng.internal.MethodRunner.runInSequence(MethodRunner.java:46)
at org.testng.internal.TestInvoker$MethodInvocationAgent.invoke(TestInvoker.java:816)
at org.testng.internal.TestInvoker.invokeTestMethods(TestInvoker.java:146)
at org.testng.internal.TestMethodWorker.invokeTestMethods(TestMethodWorker.java:146)
at org.testng.internal.TestMethodWorker.run(TestMethodWorker.java:128)
at java.util.concurrent.ThreadPoolExecutor.runWorker(ThreadPoolExecutor.java:1149)
at java.util.concurrent.ThreadPoolExecutor$Worker.run(ThreadPoolExecutor.java:624)
at java.lang.Thread.run(Thread.java:748)
]]>
    </failure>
  </testcase> <!-- newUserShouldBeCreatedAndSettingShouldBeInheritedFromTheGroup -->
  <system-out>
12:02:40.877 [TestNG-test=Test-3] INFO : WebBrowser = chrome 12:02:41.305 [TestNG-test=Test-3] INFO : Using chromedriver 80.0.3987.16 (since Google Chrome 80 is installed in your machine) 12:02:41.316 [TestNG-test=Test-3] INFO : Exporting webdriver.chrome.driver as C:\Users\Jagadeesh\.m2\repository\webdriver\chromedriver\win32\80.0.3987.16\chromedriver.exe 12:02:46.966 [TestNG-test=Test-3] INFO : Created ThreadLocal webdriver. 12:02:51.000 [TestNG-test=Test-3] INFO : Setting  implicitlyWait to '10' seconds 12:02:51.014 [TestNG-test=Test-3] INFO : Setting document.body.style.zoom='80%';  </system-out>
  <testcase name="testAddGroupUsingGroupAdmin" time="66.233" classname="org.j2.faxqa.efax.admin.tests.AdminTests"/>
  <system-out>
12:03:09.906 [TestNG-test=Test-4] INFO : WebBrowser = chrome 12:03:09.919 [TestNG-test=Test-4] INFO : Using chromedriver 80.0.3987.16 (since Google Chrome 80 is installed in your machine) 12:03:09.929 [TestNG-test=Test-4] INFO : Exporting webdriver.chrome.driver as C:\Users\Jagadeesh\.m2\repository\webdriver\chromedriver\win32\80.0.3987.16\chromedriver.exe 12:03:15.253 [TestNG-test=Test-4] INFO : Created ThreadLocal webdriver. 12:03:19.290 [TestNG-test=Test-4] INFO : Setting  implicitlyWait to '10' seconds 12:03:19.305 [TestNG-test=Test-4] INFO : Setting document.body.style.zoom='80%';  </system-out>
  <testcase name="testAssignFunctionality" time="72.658" classname="org.j2.faxqa.efax.admin.tests.AdminTests">
    <failure type="java.lang.AssertionError" message="null">
      <![CDATA[java.lang.AssertionError: null
at org.testng.Assert.fail(Assert.java:97)
at org.testng.Assert.fail(Assert.java:102)
at org.j2.faxqa.efax.admin.tests.AdminTests.testAssignFunctionality(AdminTests.java:278)
at sun.reflect.NativeMethodAccessorImpl.invoke0(Native Method)
at sun.reflect.NativeMethodAccessorImpl.invoke(NativeMethodAccessorImpl.java:62)
at sun.reflect.DelegatingMethodAccessorImpl.invoke(DelegatingMethodAccessorImpl.java:43)
at java.lang.reflect.Method.invoke(Method.java:498)
at org.testng.internal.MethodInvocationHelper.invokeMethod(MethodInvocationHelper.java:134)
at org.testng.internal.TestInvoker.invokeMethod(TestInvoker.java:597)
at org.testng.internal.TestInvoker.invokeTestMethod(TestInvoker.java:173)
at org.testng.internal.MethodRunner.runInSequence(MethodRunner.java:46)
at org.testng.internal.TestInvoker$MethodInvocationAgent.invoke(TestInvoker.java:816)
at org.testng.internal.TestInvoker.invokeTestMethods(TestInvoker.java:146)
at org.testng.internal.TestMethodWorker.invokeTestMethods(TestMethodWorker.java:146)
at org.testng.internal.TestMethodWorker.run(TestMethodWorker.java:128)
at java.util.concurrent.ThreadPoolExecutor.runWorker(ThreadPoolExecutor.java:1149)
at java.util.concurrent.ThreadPoolExecutor$Worker.run(ThreadPoolExecutor.java:624)
at java.lang.Thread.run(Thread.java:748)
]]>
    </failure>
  </testcase> <!-- testAssignFunctionality -->
  <system-out>
12:02:51.014 [TestNG-test=Test-5] INFO : WebBrowser = chrome 12:02:51.028 [TestNG-test=Test-5] INFO : Using chromedriver 80.0.3987.16 (since Google Chrome 80 is installed in your machine) 12:02:51.039 [TestNG-test=Test-5] INFO : Exporting webdriver.chrome.driver as C:\Users\Jagadeesh\.m2\repository\webdriver\chromedriver\win32\80.0.3987.16\chromedriver.exe 12:02:56.410 [TestNG-test=Test-5] INFO : Created ThreadLocal webdriver. 12:03:00.445 [TestNG-test=Test-5] INFO : Setting  implicitlyWait to '10' seconds 12:03:00.459 [TestNG-test=Test-5] INFO : Setting document.body.style.zoom='80%';  </system-out>
</testsuite> <!-- org.j2.faxqa.efax.admin.tests.AdminTests -->
